{"contracts\\CampusCoin.sol":{"l":{"32":21,"33":15,"37":1,"38":1,"40":1,"45":3,"46":2,"47":2,"51":1,"58":2,"59":1,"66":4,"67":4,"71":1,"72":1,"78":3,"79":3,"83":2,"84":2,"93":2,"97":1,"102":1,"107":3,"108":2,"113":1,"114":1,"116":1,"117":1,"119":1,"120":1},"path":"C:\\Users\\UTENTE\\GitHub\\SuMo-Demo\\CampusCoin\\contracts\\CampusCoin.sol","s":{"1":21,"2":1,"3":3,"4":2,"5":2,"6":1,"7":2,"8":1,"9":4,"10":1,"11":3,"12":2,"13":2,"14":1,"15":3,"16":2,"17":1,"18":1,"19":1,"20":1,"21":1},"b":{"1":[15,6],"2":[3,1],"3":[2,1],"4":[1,1],"5":[4,1],"6":[1,1],"7":[3,1],"8":[2,1],"9":[2,1],"10":[1,1],"11":[2,1],"12":[1,1]},"f":{"1":21,"2":1,"3":3,"4":1,"5":2,"6":4,"7":1,"8":3,"9":2,"10":2,"11":3},"fnMap":{"1":{"name":"onlyAdmin","line":31,"loc":{"start":{"line":31,"column":4},"end":{"line":34,"column":4}}},"2":{"name":"constructor","line":36,"loc":{"start":{"line":36,"column":4},"end":{"line":41,"column":4}}},"3":{"name":"mint","line":44,"loc":{"start":{"line":44,"column":4},"end":{"line":48,"column":4}}},"4":{"name":"burn","line":50,"loc":{"start":{"line":50,"column":4},"end":{"line":52,"column":4}}},"5":{"name":"transfer","line":54,"loc":{"start":{"line":54,"column":4},"end":{"line":60,"column":4}}},"6":{"name":"addStudent","line":65,"loc":{"start":{"line":65,"column":4},"end":{"line":68,"column":4}}},"7":{"name":"removeStudent","line":70,"loc":{"start":{"line":70,"column":4},"end":{"line":73,"column":4}}},"8":{"name":"addServiceProvider","line":77,"loc":{"start":{"line":77,"column":4},"end":{"line":80,"column":4}}},"9":{"name":"removeServiceProvider","line":82,"loc":{"start":{"line":82,"column":4},"end":{"line":85,"column":4}}},"10":{"name":"updateServiceProvider","line":92,"loc":{"start":{"line":87,"column":4},"end":{"line":103,"column":4}}},"11":{"name":"payService","line":106,"loc":{"start":{"line":106,"column":4},"end":{"line":121,"column":4}}}},"statementMap":{"1":{"start":{"line":32,"column":8},"end":{"line":32,"column":63}},"2":{"start":{"line":40,"column":8},"end":{"line":40,"column":50}},"3":{"start":{"line":45,"column":8},"end":{"line":45,"column":69}},"4":{"start":{"line":46,"column":8},"end":{"line":46,"column":24}},"5":{"start":{"line":47,"column":8},"end":{"line":47,"column":37}},"6":{"start":{"line":51,"column":8},"end":{"line":51,"column":32}},"7":{"start":{"line":58,"column":8},"end":{"line":58,"column":71}},"8":{"start":{"line":59,"column":8},"end":{"line":59,"column":41}},"9":{"start":{"line":67,"column":8},"end":{"line":67,"column":34}},"10":{"start":{"line":72,"column":8},"end":{"line":72,"column":36}},"11":{"start":{"line":79,"column":8},"end":{"line":79,"column":59}},"12":{"start":{"line":84,"column":8},"end":{"line":84,"column":45}},"13":{"start":{"line":93,"column":8},"end":{"line":93,"column":3102}},"14":{"start":{"line":102,"column":8},"end":{"line":102,"column":75}},"15":{"start":{"line":107,"column":8},"end":{"line":107,"column":73}},"16":{"start":{"line":108,"column":8},"end":{"line":108,"column":3625}},"17":{"start":{"line":113,"column":8},"end":{"line":113,"column":34}},"18":{"start":{"line":114,"column":8},"end":{"line":114,"column":45}},"19":{"start":{"line":116,"column":8},"end":{"line":116,"column":45}},"20":{"start":{"line":117,"column":8},"end":{"line":117,"column":48}},"21":{"start":{"line":120,"column":8},"end":{"line":120,"column":61}}},"branchMap":{"1":{"line":32,"type":"if","locations":[{"start":{"line":32,"column":8},"end":{"line":32,"column":8}},{"start":{"line":32,"column":8},"end":{"line":32,"column":8}}]},"2":{"line":44,"type":"if","locations":[{"start":{"line":44,"column":53},"end":{"line":44,"column":53}},{"start":{"line":44,"column":53},"end":{"line":44,"column":53}}]},"3":{"line":45,"type":"if","locations":[{"start":{"line":45,"column":8},"end":{"line":45,"column":8}},{"start":{"line":45,"column":8},"end":{"line":45,"column":8}}]},"4":{"line":58,"type":"if","locations":[{"start":{"line":58,"column":8},"end":{"line":58,"column":8}},{"start":{"line":58,"column":8},"end":{"line":58,"column":8}}]},"5":{"line":65,"type":"if","locations":[{"start":{"line":65,"column":50},"end":{"line":65,"column":50}},{"start":{"line":65,"column":50},"end":{"line":65,"column":50}}]},"6":{"line":70,"type":"if","locations":[{"start":{"line":70,"column":53},"end":{"line":70,"column":53}},{"start":{"line":70,"column":53},"end":{"line":70,"column":53}}]},"7":{"line":77,"type":"if","locations":[{"start":{"line":77,"column":108},"end":{"line":77,"column":108}},{"start":{"line":77,"column":108},"end":{"line":77,"column":108}}]},"8":{"line":82,"type":"if","locations":[{"start":{"line":82,"column":62},"end":{"line":82,"column":62}},{"start":{"line":82,"column":62},"end":{"line":82,"column":62}}]},"9":{"line":92,"type":"if","locations":[{"start":{"line":92,"column":15},"end":{"line":92,"column":15}},{"start":{"line":92,"column":15},"end":{"line":92,"column":15}}]},"10":{"line":93,"type":"if","locations":[{"start":{"line":93,"column":8},"end":{"line":93,"column":8}},{"start":{"line":93,"column":8},"end":{"line":93,"column":8}}]},"11":{"line":107,"type":"if","locations":[{"start":{"line":107,"column":8},"end":{"line":107,"column":8}},{"start":{"line":107,"column":8},"end":{"line":107,"column":8}}]},"12":{"line":108,"type":"if","locations":[{"start":{"line":108,"column":8},"end":{"line":108,"column":8}},{"start":{"line":108,"column":8},"end":{"line":108,"column":8}}]}}}}